<?xml version="1.0" encoding="UTF-8"?>
<testsuite xmlns:xsi="http://www.w3.org/2001/XMLSchema-instance" xsi:noNamespaceSchemaLocation="https://maven.apache.org/surefire/maven-surefire-plugin/xsd/surefire-test-report-3.0.xsd" version="3.0" name="de.charton.AppTest" time="0.011" tests="1" errors="0" skipped="0" failures="0">
  <properties>
    <property name="java.specification.version" value="21"/>
    <property name="sun.jnu.encoding" value="UTF-8"/>
    <property name="java.class.path" value="/Users/andre.charton/workspace/elastic-playground/elastic-test/target/test-classes:/Users/andre.charton/workspace/elastic-playground/elastic-test/target/classes:/Users/andre.charton/.m2/repository/org/elasticsearch/elasticsearch/0.90.7/elasticsearch-0.90.7.jar:/Users/andre.charton/.m2/repository/org/apache/lucene/lucene-core/4.5.1/lucene-core-4.5.1.jar:/Users/andre.charton/.m2/repository/org/apache/lucene/lucene-analyzers-common/4.5.1/lucene-analyzers-common-4.5.1.jar:/Users/andre.charton/.m2/repository/org/apache/lucene/lucene-codecs/4.5.1/lucene-codecs-4.5.1.jar:/Users/andre.charton/.m2/repository/org/apache/lucene/lucene-queries/4.5.1/lucene-queries-4.5.1.jar:/Users/andre.charton/.m2/repository/org/apache/lucene/lucene-memory/4.5.1/lucene-memory-4.5.1.jar:/Users/andre.charton/.m2/repository/org/apache/lucene/lucene-highlighter/4.5.1/lucene-highlighter-4.5.1.jar:/Users/andre.charton/.m2/repository/org/apache/lucene/lucene-queryparser/4.5.1/lucene-queryparser-4.5.1.jar:/Users/andre.charton/.m2/repository/org/apache/lucene/lucene-sandbox/4.5.1/lucene-sandbox-4.5.1.jar:/Users/andre.charton/.m2/repository/org/apache/lucene/lucene-suggest/4.5.1/lucene-suggest-4.5.1.jar:/Users/andre.charton/.m2/repository/org/apache/lucene/lucene-misc/4.5.1/lucene-misc-4.5.1.jar:/Users/andre.charton/.m2/repository/org/apache/lucene/lucene-join/4.5.1/lucene-join-4.5.1.jar:/Users/andre.charton/.m2/repository/org/apache/lucene/lucene-grouping/4.5.1/lucene-grouping-4.5.1.jar:/Users/andre.charton/.m2/repository/org/apache/lucene/lucene-spatial/4.5.1/lucene-spatial-4.5.1.jar:/Users/andre.charton/.m2/repository/com/spatial4j/spatial4j/0.3/spatial4j-0.3.jar:/Users/andre.charton/.m2/repository/junit/junit/3.8.1/junit-3.8.1.jar:"/>
    <property name="java.vm.vendor" value="Azul Systems, Inc."/>
    <property name="sun.arch.data.model" value="64"/>
    <property name="java.vendor.url" value="http://www.azul.com/"/>
    <property name="os.name" value="Mac OS X"/>
    <property name="java.vm.specification.version" value="21"/>
    <property name="sun.java.launcher" value="SUN_STANDARD"/>
    <property name="user.country" value="GB"/>
    <property name="sun.boot.library.path" value="/Users/andre.charton/.sdkman/candidates/java/21.0.2-zulu/zulu-21.jdk/Contents/Home/lib"/>
    <property name="sun.java.command" value="/Users/andre.charton/workspace/elastic-playground/elastic-test/target/surefire/surefirebooter-20240309093018882_3.jar /Users/andre.charton/workspace/elastic-playground/elastic-test/target/surefire 2024-03-09T09-30-18_646-jvmRun1 surefire-20240309093018882_1tmp surefire_0-20240309093018882_2tmp"/>
    <property name="jdk.debug" value="release"/>
    <property name="surefire.test.class.path" value="/Users/andre.charton/workspace/elastic-playground/elastic-test/target/test-classes:/Users/andre.charton/workspace/elastic-playground/elastic-test/target/classes:/Users/andre.charton/.m2/repository/org/elasticsearch/elasticsearch/0.90.7/elasticsearch-0.90.7.jar:/Users/andre.charton/.m2/repository/org/apache/lucene/lucene-core/4.5.1/lucene-core-4.5.1.jar:/Users/andre.charton/.m2/repository/org/apache/lucene/lucene-analyzers-common/4.5.1/lucene-analyzers-common-4.5.1.jar:/Users/andre.charton/.m2/repository/org/apache/lucene/lucene-codecs/4.5.1/lucene-codecs-4.5.1.jar:/Users/andre.charton/.m2/repository/org/apache/lucene/lucene-queries/4.5.1/lucene-queries-4.5.1.jar:/Users/andre.charton/.m2/repository/org/apache/lucene/lucene-memory/4.5.1/lucene-memory-4.5.1.jar:/Users/andre.charton/.m2/repository/org/apache/lucene/lucene-highlighter/4.5.1/lucene-highlighter-4.5.1.jar:/Users/andre.charton/.m2/repository/org/apache/lucene/lucene-queryparser/4.5.1/lucene-queryparser-4.5.1.jar:/Users/andre.charton/.m2/repository/org/apache/lucene/lucene-sandbox/4.5.1/lucene-sandbox-4.5.1.jar:/Users/andre.charton/.m2/repository/org/apache/lucene/lucene-suggest/4.5.1/lucene-suggest-4.5.1.jar:/Users/andre.charton/.m2/repository/org/apache/lucene/lucene-misc/4.5.1/lucene-misc-4.5.1.jar:/Users/andre.charton/.m2/repository/org/apache/lucene/lucene-join/4.5.1/lucene-join-4.5.1.jar:/Users/andre.charton/.m2/repository/org/apache/lucene/lucene-grouping/4.5.1/lucene-grouping-4.5.1.jar:/Users/andre.charton/.m2/repository/org/apache/lucene/lucene-spatial/4.5.1/lucene-spatial-4.5.1.jar:/Users/andre.charton/.m2/repository/com/spatial4j/spatial4j/0.3/spatial4j-0.3.jar:/Users/andre.charton/.m2/repository/junit/junit/3.8.1/junit-3.8.1.jar:"/>
    <property name="sun.cpu.endian" value="little"/>
    <property name="user.home" value="/Users/andre.charton"/>
    <property name="user.language" value="en"/>
    <property name="java.specification.vendor" value="Oracle Corporation"/>
    <property name="java.version.date" value="2024-01-16"/>
    <property name="java.home" value="/Users/andre.charton/.sdkman/candidates/java/21.0.2-zulu/zulu-21.jdk/Contents/Home"/>
    <property name="file.separator" value="/"/>
    <property name="basedir" value="/Users/andre.charton/workspace/elastic-playground/elastic-test"/>
    <property name="java.vm.compressedOopsMode" value="Zero based"/>
    <property name="line.separator" value="&#10;"/>
    <property name="java.specification.name" value="Java Platform API Specification"/>
    <property name="java.vm.specification.vendor" value="Oracle Corporation"/>
    <property name="apple.awt.application.name" value="ForkedBooter"/>
    <property name="surefire.real.class.path" value="/Users/andre.charton/workspace/elastic-playground/elastic-test/target/surefire/surefirebooter-20240309093018882_3.jar"/>
    <property name="sun.management.compiler" value="HotSpot 64-Bit Tiered Compilers"/>
    <property name="java.runtime.version" value="21.0.2+13-LTS"/>
    <property name="user.name" value="andre.charton"/>
    <property name="stdout.encoding" value="UTF-8"/>
    <property name="path.separator" value=":"/>
    <property name="os.version" value="14.1.2"/>
    <property name="java.runtime.name" value="OpenJDK Runtime Environment"/>
    <property name="file.encoding" value="UTF-8"/>
    <property name="java.vm.name" value="OpenJDK 64-Bit Server VM"/>
    <property name="java.vendor.version" value="Zulu21.32+17-CA"/>
    <property name="localRepository" value="/Users/andre.charton/.m2/repository"/>
    <property name="java.vendor.url.bug" value="http://www.azul.com/support/"/>
    <property name="java.io.tmpdir" value="/var/folders/fm/0t5qsd7x2m9b7qch498s6z680000gp/T/"/>
    <property name="java.version" value="21.0.2"/>
    <property name="user.dir" value="/Users/andre.charton/workspace/elastic-playground/elastic-test"/>
    <property name="os.arch" value="aarch64"/>
    <property name="java.vm.specification.name" value="Java Virtual Machine Specification"/>
    <property name="native.encoding" value="UTF-8"/>
    <property name="java.library.path" value="/Users/andre.charton/Library/Java/Extensions:/Library/Java/Extensions:/Network/Library/Java/Extensions:/System/Library/Java/Extensions:/usr/lib/java:."/>
    <property name="java.vm.info" value="mixed mode, sharing"/>
    <property name="stderr.encoding" value="UTF-8"/>
    <property name="java.vendor" value="Azul Systems, Inc."/>
    <property name="java.vm.version" value="21.0.2+13-LTS"/>
    <property name="sun.io.unicode.encoding" value="UnicodeBig"/>
    <property name="java.class.version" value="65.0"/>
  </properties>
  <testcase name="testApp" classname="de.charton.AppTest" time="0.003"/>
</testsuite>